        -:    0:Source:/home/Arter/ABC2/Google_tests/clock_test.cpp
        -:    0:Graph:/home/Arter/ABC2/Google_tests/CMakeFiles/Google_Tests_run.dir/clock_test.cpp.gcno
        -:    0:Data:/home/Arter/ABC2/Google_tests/CMakeFiles/Google_Tests_run.dir/clock_test.cpp.gcda
        -:    0:Runs:1
        -:    1://
        -:    2:// Created by Arter on 26.11.2020.
        -:    3://
        -:    4:
        -:    5:#include "gtest/gtest.h"
        -:    6:#include "../src/Memory.h"
        -:    7:
        -:    8:
        4:    9:TEST(tests, ClockTest){
        1:   10:    MemoryStorage mem;
        1:   11:    CachedMem cache = CachedMem (mem);
        -:   12:
        1:   13:    cache.setWaitCycles(3);
        1:   14:    cache.Clock();
        -:   15:
       1*:   16:    ASSERT_EQ(0 , cache.getWaitCycles());
        -:   17:}
