        -:    0:Source:/home/Arter/ABC2/Google_tests/code_response_test.cpp
        -:    0:Graph:/home/Arter/ABC2/Google_tests/CMakeFiles/Google_Tests_run.dir/code_response_test.cpp.gcno
        -:    0:Data:/home/Arter/ABC2/Google_tests/CMakeFiles/Google_Tests_run.dir/code_response_test.cpp.gcda
        -:    0:Runs:1
        -:    1://
        -:    2:// Created by Arter on 26.11.2020.
        -:    3://
        -:    4:
        -:    5:#include "gtest/gtest.h"
        -:    6:#include "../src/Memory.h"
        -:    7:
        4:    8:TEST(tests, NotZeroWaitCyclesCodeResp) {
        1:    9:    MemoryStorage mem;
        1:   10:    CachedMem cache = CachedMem (mem);
        -:   11:
        1:   12:    cache.setWaitCycles(1);
        -:   13:
       1*:   14:    ASSERT_EQ(std::nullopt, cache.Response());
        -:   15:}
------------------
_ZN36tests_NotZeroWaitCyclesCodeResp_TestC1Ev:
        1:    8:TEST(tests, NotZeroWaitCyclesCodeResp) {
        1:    8-block  0
------------------
_ZN36tests_NotZeroWaitCyclesCodeResp_TestD0Ev:
        1:    8:TEST(tests, NotZeroWaitCyclesCodeResp) {
        1:    8-block  0
------------------
_ZN36tests_NotZeroWaitCyclesCodeResp_TestD1Ev:
        1:    8:TEST(tests, NotZeroWaitCyclesCodeResp) {
        1:    8-block  0
------------------
_ZN36tests_NotZeroWaitCyclesCodeResp_Test8TestBodyEv:
        1:    8:TEST(tests, NotZeroWaitCyclesCodeResp) {
        1:    9:    MemoryStorage mem;
        1:    9-block  0
    $$$$$:    9-block  1
        1:   10:    CachedMem cache = CachedMem (mem);
        1:   10-block  0
    $$$$$:   10-block  1
        -:   11:
        1:   12:    cache.setWaitCycles(1);
        -:   13:
       1*:   14:    ASSERT_EQ(std::nullopt, cache.Response());
        1:   14-block  0
        1:   14-block  1
    %%%%%:   14-block  2
    %%%%%:   14-block  3
    %%%%%:   14-block  4
    %%%%%:   14-block  5
    $$$$$:   14-block  6
    $$$$$:   14-block  7
    $$$$$:   14-block  8
    $$$$$:   14-block  9
    $$$$$:   14-block 10
    $$$$$:   14-block 11
        -:   15:}
------------------
        -:   16:
        4:   17:TEST(tests, ZeroWaitCyclesCodeResp) {
        1:   18:    MemoryStorage mem;
        1:   19:    CachedMem cache = CachedMem (mem);
        1:   20:    Word ip1 = 512;
        1:   21:    Word ip2 = 576;
        1:   22:    std::map<Word, Word> test_line;
        1:   23:    test_line[0] = 15;
        -:   24:
        1:   25:    cache.setCacheCodeTableLines(ip2, test_line);
        1:   26:    cache.setCacheCodeLastUsed(ip1);
        1:   27:    cache.setCacheCodeLastUsed(ip2);
        1:   28:    cache.Request(ip2);
        -:   29:
       1*:   30:    ASSERT_EQ(15 , cache.Response());
        -:   31:}
